<?xml version="1.0" encoding="UTF-8"?>
<!-- Generated by org.testng.reporters.JUnitReportReporter -->
<testsuite hostname="DESKTOP-J6UU3F5" failures="0" tests="2" name="QA.RegistrationForm" time="26.166" errors="0" timestamp="2022-05-12T01:53:19 IST" skipped="0">
  <testcase classname="QA.RegistrationForm" name="fillForm" time="13.387"/>
  <system-out/>
  <testcase classname="QA.RegistrationForm" name="fillForm" time="12.779"/>
  <system-out/>
</testsuite> <!-- QA.RegistrationForm -->
